0 info it worked if it ends with ok
1 verbose cli [ 'C:\\Program Files\\nodejs\\node.exe',
1 verbose cli   'C:\\Program Files\\nodejs\\node_modules\\npm\\bin\\npm-cli.js',
1 verbose cli   'run',
1 verbose cli   'build' ]
2 info using npm@3.10.10
3 info using node@v6.11.3
4 verbose run-script [ 'prebuild', 'build', 'postbuild' ]
5 info lifecycle atum-theme@1.0.0~prebuild: atum-theme@1.0.0
6 silly lifecycle atum-theme@1.0.0~prebuild: no script for prebuild, continuing
7 info lifecycle atum-theme@1.0.0~build: atum-theme@1.0.0
8 verbose lifecycle atum-theme@1.0.0~build: unsafe-perm in lifecycle true
9 verbose lifecycle atum-theme@1.0.0~build: PATH: C:\Program Files\nodejs\node_modules\npm\bin\node-gyp-bin;C:\Users\IBM_ADMIN\Documents\atum-theme\node_modules\.bin;C:\Program Files (x86)\RSA SecurID Token Common;C:\Program Files\RSA SecurID Token Common;C:\Perl64\site\bin;C:\Perl64\bin;C:\app\watethom\virtual\product\12.2.0\dbhome_1\bin;C:\windows\system32;C:\windows;C:\windows\System32\Wbem;C:\windows\System32\WindowsPowerShell\v1.0\;C:\Program Files\IBM\Infoprint Select;C:\Program Files (x86)\IBM\Personal Communications\;C:\Program Files (x86)\IBM\Trace Facility\;c:\Program Files (x86)\Microsoft SQL Server\100\Tools\Binn\;c:\Program Files\Microsoft SQL Server\100\Tools\Binn\;c:\Program Files\Microsoft SQL Server\100\DTS\Binn\;C:\Program Files (x86)\Teradyne\IG-XL\9.00.00_uflx\bin;C:\Program Files (x86)\Teradyne\SSL\;C:\CteAddIns\;C:\Program Files\R\R-3.2.4revised\bin;C:\Program Files\ibm\gsk8\lib64;C:\Program Files (x86)\ibm\gsk8\lib;C:\PROGRA~1\IBM\SQLLIB\BIN;C:\PROGRA~1\IBM\SQLLIB\FUNCTION;C:\PROGRA~1\IBM\SQLLIB\SAMPLES\REPL;C:\Program Files\R\R-3.4.1\bin;C:\Program Files (x86)\Git\cmd;C:\Program Files\PuTTY\;C:\Program Files (x86)\PuTTY\;C:\Program Files (x86)\Teradyne\IG-XL\Version Selector Plus\;C:\Program Files\nodejs\;C:\Program Files\MiKTeX 2.9\miktex\bin\x64\;C:\Program Files (x86)\Pandoc\;C:\Program Files\Microsoft VS Code\bin;C:\Python36\Scripts\;C:\Python36\;C:\Program Files\RSA SecurID Token Common\;C:\Program Files\Microsoft VS Code\bin;C:\Users\IBM_ADMIN\AppData\Roaming\npm;;C:\Users\IBM_ADMIN\AppData\Local\Programs\Microsoft VS Code\bin
10 verbose lifecycle atum-theme@1.0.0~build: CWD: C:\Users\IBM_ADMIN\Documents\atum-theme
11 silly lifecycle atum-theme@1.0.0~build: Args: [ '/d /s /c', 'node theme.js' ]
12 silly lifecycle atum-theme@1.0.0~build: Returned: code: 1  signal: null
13 info lifecycle atum-theme@1.0.0~build: Failed to exec build script
14 verbose stack Error: atum-theme@1.0.0 build: `node theme.js`
14 verbose stack Exit status 1
14 verbose stack     at EventEmitter.<anonymous> (C:\Program Files\nodejs\node_modules\npm\lib\utils\lifecycle.js:255:16)
14 verbose stack     at emitTwo (events.js:106:13)
14 verbose stack     at EventEmitter.emit (events.js:191:7)
14 verbose stack     at ChildProcess.<anonymous> (C:\Program Files\nodejs\node_modules\npm\lib\utils\spawn.js:40:14)
14 verbose stack     at emitTwo (events.js:106:13)
14 verbose stack     at ChildProcess.emit (events.js:191:7)
14 verbose stack     at maybeClose (internal/child_process.js:920:16)
14 verbose stack     at Process.ChildProcess._handle.onexit (internal/child_process.js:230:5)
15 verbose pkgid atum-theme@1.0.0
16 verbose cwd C:\Users\IBM_ADMIN\Documents\atum-theme
17 error Windows_NT 6.1.7601
18 error argv "C:\\Program Files\\nodejs\\node.exe" "C:\\Program Files\\nodejs\\node_modules\\npm\\bin\\npm-cli.js" "run" "build"
19 error node v6.11.3
20 error npm  v3.10.10
21 error code ELIFECYCLE
22 error atum-theme@1.0.0 build: `node theme.js`
22 error Exit status 1
23 error Failed at the atum-theme@1.0.0 build script 'node theme.js'.
23 error Make sure you have the latest version of node.js and npm installed.
23 error If you do, this is most likely a problem with the atum-theme package,
23 error not with npm itself.
23 error Tell the author that this fails on your system:
23 error     node theme.js
23 error You can get information on how to open an issue for this project with:
23 error     npm bugs atum-theme
23 error Or if that isn't available, you can get their info via:
23 error     npm owner ls atum-theme
23 error There is likely additional logging output above.
24 verbose exit [ 1, true ]
